<?xml version="1.0" encoding="UTF-8"?>
<coverage generated="1542382327382" clover="3.2.0">
  <project timestamp="1542382327382" name="All files">
    <metrics statements="46" coveredstatements="46" conditionals="6" coveredconditionals="6" methods="34" coveredmethods="34" elements="86" coveredelements="86" complexity="0" loc="46" ncloc="46" packages="1" files="2" classes="2">
      <file name="Either.ts" path="C:\Users\hayamizu\source\github\pyroxene\src\Either.ts">
        <metrics statements="24" coveredstatements="24" conditionals="2" coveredconditionals="2" methods="18" coveredmethods="18"/>
        <line num="10" count="1" type="stmt"/>
        <line num="11" count="16" type="stmt"/>
        <line num="85" count="1" type="stmt"/>
        <line num="86" count="8" type="stmt"/>
        <line num="98" count="1" type="stmt"/>
        <line num="99" count="8" type="stmt"/>
        <line num="109" count="16" type="stmt"/>
        <line num="110" count="16" type="stmt"/>
        <line num="120" count="18" type="stmt"/>
        <line num="130" count="4" type="stmt"/>
        <line num="143" count="10" type="stmt"/>
        <line num="156" count="2" type="stmt"/>
        <line num="157" count="1" type="stmt"/>
        <line num="158" count="1" type="stmt"/>
        <line num="171" count="2" type="stmt"/>
        <line num="172" count="1" type="stmt"/>
        <line num="173" count="1" type="stmt"/>
        <line num="185" count="4" type="stmt"/>
        <line num="198" count="1" type="stmt"/>
        <line num="199" count="8" type="stmt"/>
        <line num="205" count="8" type="stmt"/>
        <line num="218" count="1" type="stmt"/>
        <line num="219" count="8" type="stmt"/>
        <line num="225" count="8" type="stmt"/>
      </file>
      <file name="Option.ts" path="C:\Users\hayamizu\source\github\pyroxene\src\Option.ts">
        <metrics statements="22" coveredstatements="22" conditionals="4" coveredconditionals="4" methods="16" coveredmethods="16"/>
        <line num="9" count="1" type="stmt"/>
        <line num="10" count="26" type="stmt"/>
        <line num="19" count="16" type="stmt"/>
        <line num="29" count="2" type="stmt"/>
        <line num="85" count="1" type="stmt"/>
        <line num="86" count="14" type="stmt"/>
        <line num="96" count="1" type="stmt"/>
        <line num="97" count="12" type="stmt"/>
        <line num="113" count="26" type="stmt"/>
        <line num="114" count="26" type="stmt"/>
        <line num="127" count="6" type="cond" truecount="2" falsecount="0"/>
        <line num="138" count="6" type="cond" truecount="2" falsecount="0"/>
        <line num="150" count="2" type="stmt"/>
        <line num="152" count="1" type="stmt"/>
        <line num="155" count="1" type="stmt"/>
        <line num="169" count="2" type="stmt"/>
        <line num="171" count="1" type="stmt"/>
        <line num="174" count="1" type="stmt"/>
        <line num="187" count="14" type="stmt"/>
        <line num="192" count="14" type="stmt"/>
        <line num="204" count="12" type="stmt"/>
        <line num="210" count="12" type="stmt"/>
      </file>
    </metrics>
  </project>
</coverage>
