{"C:\\Users\\hayamizu\\source\\github\\pyroxene\\src\\Either.ts": {"path":"C:\\Users\\hayamizu\\source\\github\\pyroxene\\src\\Either.ts","statementMap":{"0":{"start":{"line":11,"column":14},"end":{"line":11,"column":39}},"1":{"start":{"line":10,"column":0},"end":{"line":74,"column":1}},"2":{"start":{"line":86,"column":4},"end":{"line":86,"column":37}},"3":{"start":{"line":85,"column":0},"end":{"line":87,"column":1}},"4":{"start":{"line":99,"column":4},"end":{"line":99,"column":38}},"5":{"start":{"line":98,"column":0},"end":{"line":100,"column":1}},"6":{"start":{"line":110,"column":8},"end":{"line":110,"column":16}},"7":{"start":{"line":109,"column":24},"end":{"line":109,"column":36}},"8":{"start":{"line":120,"column":8},"end":{"line":120,"column":28}},"9":{"start":{"line":130,"column":8},"end":{"line":130,"column":30}},"10":{"start":{"line":143,"column":8},"end":{"line":145,"column":39}},"11":{"start":{"line":156,"column":8},"end":{"line":159,"column":10}},"12":{"start":{"line":157,"column":21},"end":{"line":157,"column":49}},"13":{"start":{"line":158,"column":21},"end":{"line":158,"column":29}},"14":{"start":{"line":171,"column":8},"end":{"line":174,"column":10}},"15":{"start":{"line":172,"column":21},"end":{"line":172,"column":49}},"16":{"start":{"line":173,"column":21},"end":{"line":173,"column":42}},"17":{"start":{"line":185,"column":8},"end":{"line":185,"column":63}},"18":{"start":{"line":185,"column":33},"end":{"line":185,"column":45}},"19":{"start":{"line":185,"column":56},"end":{"line":185,"column":61}},"20":{"start":{"line":205,"column":8},"end":{"line":205,"column":21}},"21":{"start":{"line":199,"column":14},"end":{"line":199,"column":30}},"22":{"start":{"line":198,"column":0},"end":{"line":207,"column":1}},"23":{"start":{"line":225,"column":8},"end":{"line":225,"column":21}},"24":{"start":{"line":219,"column":14},"end":{"line":219,"column":29}},"25":{"start":{"line":218,"column":0},"end":{"line":227,"column":1}}},"fnMap":{"0":{"name":"(anonymous_0)","decl":{"start":{"line":10,"column":0},"end":{"line":null,"column":-1}},"loc":{"start":{"line":10,"column":0},"end":{"line":74,"column":1}}},"1":{"name":"Left","decl":{"start":{"line":85,"column":16},"end":{"line":85,"column":20}},"loc":{"start":{"line":85,"column":35},"end":{"line":87,"column":1}}},"2":{"name":"Right","decl":{"start":{"line":98,"column":16},"end":{"line":98,"column":21}},"loc":{"start":{"line":98,"column":36},"end":{"line":100,"column":1}}},"3":{"name":"(anonymous_3)","decl":{"start":{"line":109,"column":4},"end":{"line":109,"column":23}},"loc":{"start":{"line":109,"column":36},"end":{"line":111,"column":5}}},"4":{"name":"(anonymous_4)","decl":{"start":{"line":119,"column":11},"end":{"line":119,"column":16}},"loc":{"start":{"line":119,"column":17},"end":{"line":121,"column":5}}},"5":{"name":"(anonymous_5)","decl":{"start":{"line":129,"column":11},"end":{"line":129,"column":17}},"loc":{"start":{"line":129,"column":18},"end":{"line":131,"column":5}}},"6":{"name":"(anonymous_6)","decl":{"start":{"line":142,"column":11},"end":{"line":142,"column":14}},"loc":{"start":{"line":142,"column":61},"end":{"line":146,"column":5}}},"7":{"name":"(anonymous_7)","decl":{"start":{"line":155,"column":11},"end":{"line":155,"column":17}},"loc":{"start":{"line":155,"column":51},"end":{"line":160,"column":5}}},"8":{"name":"(anonymous_8)","decl":{"start":{"line":157,"column":12},"end":{"line":157,"column":15}},"loc":{"start":{"line":157,"column":21},"end":{"line":157,"column":49}}},"9":{"name":"(anonymous_9)","decl":{"start":{"line":158,"column":12},"end":{"line":158,"column":16}},"loc":{"start":{"line":158,"column":21},"end":{"line":158,"column":29}}},"10":{"name":"(anonymous_10)","decl":{"start":{"line":170,"column":11},"end":{"line":170,"column":13}},"loc":{"start":{"line":170,"column":36},"end":{"line":175,"column":5}}},"11":{"name":"(anonymous_11)","decl":{"start":{"line":172,"column":12},"end":{"line":172,"column":15}},"loc":{"start":{"line":172,"column":21},"end":{"line":172,"column":49}}},"12":{"name":"(anonymous_12)","decl":{"start":{"line":173,"column":12},"end":{"line":173,"column":16}},"loc":{"start":{"line":173,"column":21},"end":{"line":173,"column":42}}},"13":{"name":"(anonymous_13)","decl":{"start":{"line":184,"column":11},"end":{"line":184,"column":19}},"loc":{"start":{"line":184,"column":36},"end":{"line":186,"column":5}}},"14":{"name":"(anonymous_14)","decl":{"start":{"line":185,"column":25},"end":{"line":185,"column":28}},"loc":{"start":{"line":185,"column":33},"end":{"line":185,"column":45}}},"15":{"name":"(anonymous_15)","decl":{"start":{"line":185,"column":47},"end":{"line":185,"column":51}},"loc":{"start":{"line":185,"column":56},"end":{"line":185,"column":61}}},"16":{"name":"(anonymous_16)","decl":{"start":{"line":204,"column":4},"end":{"line":204,"column":15}},"loc":{"start":{"line":204,"column":24},"end":{"line":206,"column":5}}},"17":{"name":"(anonymous_17)","decl":{"start":{"line":224,"column":4},"end":{"line":224,"column":15}},"loc":{"start":{"line":224,"column":24},"end":{"line":226,"column":5}}}},"branchMap":{"0":{"loc":{"start":{"line":144,"column":14},"end":{"line":144,"column":38}},"type":"cond-expr","locations":[{"start":{"line":144,"column":14},"end":{"line":144,"column":38}},{"start":{"line":145,"column":14},"end":{"line":145,"column":38}}]}},"s":{"0":16,"1":1,"2":8,"3":1,"4":8,"5":1,"6":16,"7":16,"8":18,"9":4,"10":10,"11":2,"12":1,"13":1,"14":2,"15":1,"16":1,"17":4,"18":1,"19":3,"20":8,"21":8,"22":1,"23":8,"24":8,"25":1},"f":{"0":16,"1":8,"2":8,"3":16,"4":18,"5":4,"6":10,"7":2,"8":1,"9":1,"10":2,"11":1,"12":1,"13":4,"14":1,"15":3,"16":8,"17":8},"b":{"0":[4,6]}}
,"C:\\Users\\hayamizu\\source\\github\\pyroxene\\src\\Option.ts": {"path":"C:\\Users\\hayamizu\\source\\github\\pyroxene\\src\\Option.ts","statementMap":{"0":{"start":{"line":10,"column":14},"end":{"line":10,"column":40}},"1":{"start":{"line":19,"column":8},"end":{"line":19,"column":29}},"2":{"start":{"line":29,"column":8},"end":{"line":29,"column":29}},"3":{"start":{"line":9,"column":0},"end":{"line":75,"column":1}},"4":{"start":{"line":86,"column":4},"end":{"line":86,"column":34}},"5":{"start":{"line":85,"column":0},"end":{"line":87,"column":1}},"6":{"start":{"line":97,"column":4},"end":{"line":97,"column":29}},"7":{"start":{"line":96,"column":0},"end":{"line":98,"column":1}},"8":{"start":{"line":114,"column":8},"end":{"line":114,"column":16}},"9":{"start":{"line":113,"column":24},"end":{"line":113,"column":33}},"10":{"start":{"line":127,"column":8},"end":{"line":127,"column":69}},"11":{"start":{"line":138,"column":8},"end":{"line":138,"column":63}},"12":{"start":{"line":150,"column":8},"end":{"line":157,"column":10}},"13":{"start":{"line":152,"column":16},"end":{"line":152,"column":50}},"14":{"start":{"line":155,"column":16},"end":{"line":155,"column":28}},"15":{"start":{"line":169,"column":8},"end":{"line":176,"column":10}},"16":{"start":{"line":171,"column":16},"end":{"line":171,"column":50}},"17":{"start":{"line":174,"column":16},"end":{"line":174,"column":37}},"18":{"start":{"line":192,"column":8},"end":{"line":192,"column":21}},"19":{"start":{"line":187,"column":14},"end":{"line":187,"column":31}},"20":{"start":{"line":210,"column":8},"end":{"line":210,"column":16}},"21":{"start":{"line":204,"column":14},"end":{"line":204,"column":30}}},"fnMap":{"0":{"name":"(anonymous_0)","decl":{"start":{"line":9,"column":0},"end":{"line":null,"column":-1}},"loc":{"start":{"line":9,"column":0},"end":{"line":75,"column":1}}},"1":{"name":"(anonymous_1)","decl":{"start":{"line":18,"column":4},"end":{"line":18,"column":14}},"loc":{"start":{"line":18,"column":22},"end":{"line":20,"column":5}}},"2":{"name":"(anonymous_2)","decl":{"start":{"line":28,"column":4},"end":{"line":28,"column":14}},"loc":{"start":{"line":28,"column":24},"end":{"line":30,"column":5}}},"3":{"name":"Some","decl":{"start":{"line":85,"column":16},"end":{"line":85,"column":20}},"loc":{"start":{"line":85,"column":32},"end":{"line":87,"column":1}}},"4":{"name":"None","decl":{"start":{"line":96,"column":16},"end":{"line":96,"column":20}},"loc":{"start":{"line":96,"column":20},"end":{"line":98,"column":1}}},"5":{"name":"(anonymous_5)","decl":{"start":{"line":113,"column":4},"end":{"line":113,"column":23}},"loc":{"start":{"line":113,"column":33},"end":{"line":115,"column":5}}},"6":{"name":"(anonymous_6)","decl":{"start":{"line":126,"column":11},"end":{"line":126,"column":14}},"loc":{"start":{"line":126,"column":63},"end":{"line":128,"column":5}}},"7":{"name":"(anonymous_7)","decl":{"start":{"line":137,"column":11},"end":{"line":137,"column":19}},"loc":{"start":{"line":137,"column":36},"end":{"line":139,"column":5}}},"8":{"name":"(anonymous_8)","decl":{"start":{"line":149,"column":11},"end":{"line":149,"column":17}},"loc":{"start":{"line":149,"column":48},"end":{"line":158,"column":5}}},"9":{"name":"(anonymous_9)","decl":{"start":{"line":151,"column":12},"end":{"line":151,"column":14}},"loc":{"start":{"line":151,"column":17},"end":{"line":153,"column":13}}},"10":{"name":"(anonymous_10)","decl":{"start":{"line":154,"column":12},"end":{"line":154,"column":13}},"loc":{"start":{"line":154,"column":16},"end":{"line":156,"column":13}}},"11":{"name":"(anonymous_11)","decl":{"start":{"line":168,"column":11},"end":{"line":168,"column":13}},"loc":{"start":{"line":168,"column":36},"end":{"line":177,"column":5}}},"12":{"name":"(anonymous_12)","decl":{"start":{"line":170,"column":12},"end":{"line":170,"column":14}},"loc":{"start":{"line":170,"column":17},"end":{"line":172,"column":13}}},"13":{"name":"(anonymous_13)","decl":{"start":{"line":173,"column":12},"end":{"line":173,"column":13}},"loc":{"start":{"line":173,"column":16},"end":{"line":175,"column":13}}},"14":{"name":"(anonymous_14)","decl":{"start":{"line":191,"column":4},"end":{"line":191,"column":15}},"loc":{"start":{"line":191,"column":24},"end":{"line":193,"column":5}}},"15":{"name":"(anonymous_15)","decl":{"start":{"line":209,"column":4},"end":{"line":null,"column":-1}},"loc":{"start":{"line":209,"column":4},"end":{"line":211,"column":5}}}},"branchMap":{"0":{"loc":{"start":{"line":127,"column":30},"end":{"line":127,"column":39}},"type":"cond-expr","locations":[{"start":{"line":127,"column":30},"end":{"line":127,"column":39}},{"start":{"line":127,"column":42},"end":{"line":127,"column":68}}]},"1":{"loc":{"start":{"line":138,"column":30},"end":{"line":138,"column":42}},"type":"cond-expr","locations":[{"start":{"line":138,"column":30},"end":{"line":138,"column":42}},{"start":{"line":138,"column":46},"end":{"line":138,"column":62}}]}},"s":{"0":26,"1":16,"2":2,"3":1,"4":14,"5":1,"6":12,"7":1,"8":26,"9":26,"10":6,"11":6,"12":2,"13":1,"14":1,"15":2,"16":1,"17":1,"18":14,"19":14,"20":12,"21":12},"f":{"0":26,"1":16,"2":2,"3":14,"4":12,"5":26,"6":6,"7":6,"8":2,"9":1,"10":1,"11":2,"12":1,"13":1,"14":14,"15":12},"b":{"0":[3,3],"1":[3,3]}}
}
