TN:
SF:C:\Users\hayamizu\source\github\pyroxene\src\Either.ts
FN:10,(anonymous_0)
FN:85,Left
FN:98,Right
FN:109,(anonymous_3)
FN:119,(anonymous_4)
FN:129,(anonymous_5)
FN:142,(anonymous_6)
FN:155,(anonymous_7)
FN:157,(anonymous_8)
FN:158,(anonymous_9)
FN:170,(anonymous_10)
FN:172,(anonymous_11)
FN:173,(anonymous_12)
FN:184,(anonymous_13)
FN:185,(anonymous_14)
FN:185,(anonymous_15)
FN:204,(anonymous_16)
FN:224,(anonymous_17)
FNF:18
FNH:18
FNDA:16,(anonymous_0)
FNDA:8,Left
FNDA:8,Right
FNDA:16,(anonymous_3)
FNDA:18,(anonymous_4)
FNDA:4,(anonymous_5)
FNDA:10,(anonymous_6)
FNDA:2,(anonymous_7)
FNDA:1,(anonymous_8)
FNDA:1,(anonymous_9)
FNDA:2,(anonymous_10)
FNDA:1,(anonymous_11)
FNDA:1,(anonymous_12)
FNDA:4,(anonymous_13)
FNDA:1,(anonymous_14)
FNDA:3,(anonymous_15)
FNDA:8,(anonymous_16)
FNDA:8,(anonymous_17)
DA:10,1
DA:11,16
DA:85,1
DA:86,8
DA:98,1
DA:99,8
DA:109,16
DA:110,16
DA:120,18
DA:130,4
DA:143,10
DA:156,2
DA:157,1
DA:158,1
DA:171,2
DA:172,1
DA:173,1
DA:185,4
DA:198,1
DA:199,8
DA:205,8
DA:218,1
DA:219,8
DA:225,8
LF:24
LH:24
BRDA:144,0,0,4
BRDA:144,0,1,6
BRF:2
BRH:2
end_of_record
TN:
SF:C:\Users\hayamizu\source\github\pyroxene\src\Option.ts
FN:9,(anonymous_0)
FN:18,(anonymous_1)
FN:28,(anonymous_2)
FN:85,Some
FN:96,None
FN:113,(anonymous_5)
FN:126,(anonymous_6)
FN:137,(anonymous_7)
FN:149,(anonymous_8)
FN:151,(anonymous_9)
FN:154,(anonymous_10)
FN:168,(anonymous_11)
FN:170,(anonymous_12)
FN:173,(anonymous_13)
FN:191,(anonymous_14)
FN:209,(anonymous_15)
FNF:16
FNH:16
FNDA:26,(anonymous_0)
FNDA:16,(anonymous_1)
FNDA:2,(anonymous_2)
FNDA:14,Some
FNDA:12,None
FNDA:26,(anonymous_5)
FNDA:6,(anonymous_6)
FNDA:6,(anonymous_7)
FNDA:2,(anonymous_8)
FNDA:1,(anonymous_9)
FNDA:1,(anonymous_10)
FNDA:2,(anonymous_11)
FNDA:1,(anonymous_12)
FNDA:1,(anonymous_13)
FNDA:14,(anonymous_14)
FNDA:12,(anonymous_15)
DA:9,1
DA:10,26
DA:19,16
DA:29,2
DA:85,1
DA:86,14
DA:96,1
DA:97,12
DA:113,26
DA:114,26
DA:127,6
DA:138,6
DA:150,2
DA:152,1
DA:155,1
DA:169,2
DA:171,1
DA:174,1
DA:187,14
DA:192,14
DA:204,12
DA:210,12
LF:22
LH:22
BRDA:127,0,0,3
BRDA:127,0,1,3
BRDA:138,1,0,3
BRDA:138,1,1,3
BRF:4
BRH:4
end_of_record
